e:\desktop\lua_test\lua_siclone\lua_siclone\debug\vc143.pdb
e:\desktop\lua_test\lua_siclone\lua_siclone\debug\vc143.idb
e:\desktop\lua_test\lua_siclone\lua_siclone\debug\ufo.obj
e:\desktop\lua_test\lua_siclone\lua_siclone\debug\ship.obj
e:\desktop\lua_test\lua_siclone\lua_siclone\debug\scene.obj
e:\desktop\lua_test\lua_siclone\lua_siclone\debug\player.obj
e:\desktop\lua_test\lua_siclone\lua_siclone\debug\mothership.obj
e:\desktop\lua_test\lua_siclone\lua_siclone\debug\main.obj
e:\desktop\lua_test\lua_siclone\lua_siclone\debug\laser.obj
e:\desktop\lua_test\lua_siclone\lua_siclone\debug\input.obj
e:\desktop\lua_test\lua_siclone\lua_siclone\debug\game.obj
e:\desktop\lua_test\lua_siclone\lua_siclone\debug\barrier.obj
e:\desktop\lua_test\lua_siclone\debug\lua_siclone.exe
e:\desktop\lua_test\lua_siclone\lua_siclone\debug\lua_siclone.ilk
e:\desktop\lua_test\lua_siclone\debug\lua_siclone.pdb
e:\desktop\lua_test\lua_siclone\lua_siclone\debug\lua_siclone.tlog\cl.command.1.tlog
e:\desktop\lua_test\lua_siclone\lua_siclone\debug\lua_siclone.tlog\cl.read.1.tlog
e:\desktop\lua_test\lua_siclone\lua_siclone\debug\lua_siclone.tlog\cl.write.1.tlog
e:\desktop\lua_test\lua_siclone\lua_siclone\debug\lua_siclone.tlog\link.command.1.tlog
e:\desktop\lua_test\lua_siclone\lua_siclone\debug\lua_siclone.tlog\link.read.1.tlog
e:\desktop\lua_test\lua_siclone\lua_siclone\debug\lua_siclone.tlog\link.write.1.tlog
